Feature: Add to cart functionality

  Background: Given Not a valideted home page      # addToCartFunctionality.feature:2
    When Open browser and start application        # CommonSteps.open_browser_and_start_application()
    Then Walmart homepage shoule dispaly           # CommonSteps.walmart_homepage_shoule_dispaly()
    When User click on account button              # WalmartHomePageSteps.user_click_on_account_button()
    And Click on signin option                     # WalmartLoginPageSteps.click_on_signin_option()
    Then Login "Login" page should display         # WalmartLoginPageSteps.login_page_should_display(String)
    When User write email "demo.auser01@gmail.com" # WalmartLoginPageSteps.user_write_email(String)
    And User write password "demowalmart"          # WalmartLoginPageSteps.user_write_password(String)
    And User click on signin button                # WalmartLoginPageSteps.user_click_on_signin_button()
    Then "Login" pagetitle should display          # WalmartLoginPageSteps.page_should_display(String)

  Scenario: 1.User account button all the options # addToCartFunctionality.feature:13
Feature: Walmart home page functionality

  Background:                               # homePageFunctionality.feature:2
    Given Not a valideted home page         # WalmartHomePageSteps.not_a_valideted_home_page()
    When Open browser and start application # CommonSteps.open_browser_and_start_application()
    Then Walmart homepage shoule dispaly    # CommonSteps.walmart_homepage_shoule_dispaly()

  @reportTest
  Scenario: 1.Verify navigation menu button is working                         # homePageFunctionality.feature:8
    When User click on navigation menu button                                  # WalmartHomePageSteps.user_click_on_navigation_menu_button()
    Then GlobalHeaderSparkMenu-optionalTopLinks are going to show this options # WalmartHomePageSteps.globalheadersparkmenu_optionalTopLinks_are_going_to_show_this_options(DataTable)

  Background:                               # homePageFunctionality.feature:2
    Given Not a valideted home page         # WalmartHomePageSteps.not_a_valideted_home_page()
    When Open browser and start application # CommonSteps.open_browser_and_start_application()
    Then Walmart homepage shoule dispaly    # CommonSteps.walmart_homepage_shoule_dispaly()

  Scenario: 2.Verify GlobalHeaderSparkMenu-optionalTopLinks are working properly # homePageFunctionality.feature:13
    When User click on navigation menu button                                    # WalmartHomePageSteps.user_click_on_navigation_menu_button()
    Then GlobalHeaderSparkMenu-optionalTopLinks are working properly             # WalmartHomePageSteps.globalheadersparkmenu_optionalTopLinks_are_working_properly()

  Background:                               # homePageFunctionality.feature:2
    Given Not a valideted home page         # WalmartHomePageSteps.not_a_valideted_home_page()
    When Open browser and start application # CommonSteps.open_browser_and_start_application()
    Then Walmart homepage shoule dispaly    # CommonSteps.walmart_homepage_shoule_dispaly()

  Scenario: 3.Verify GlobalHeaderSparkMenu-optionalCampaignLinks are working properly # homePageFunctionality.feature:17
    When User click on navigation menu button                                         # WalmartHomePageSteps.user_click_on_navigation_menu_button()
    Then GlobalHeaderSparkMenu-optionalCampaignLinks are working properly             # WalmartHomePageSteps.globalheadersparkmenu_optionalCampaignLinks_are_working_properly()

  Background:                               # homePageFunctionality.feature:2
    Given Not a valideted home page         # WalmartHomePageSteps.not_a_valideted_home_page()
    When Open browser and start application # CommonSteps.open_browser_and_start_application()
    Then Walmart homepage shoule dispaly    # CommonSteps.walmart_homepage_shoule_dispaly()

  #   Scenario: 4.Verify GlobalHeaderDepartmentsMenus are working properly
  #    When User click on navigation menu button
  #    Then GlobalHeaderDepartmentsMenu options are working properly
  Scenario: 5.Verify grocery button is navigate into a expected page # homePageFunctionality.feature:25
    When User click on grocery button                                # WalmartHomePageSteps.user_click_on_grocery_button()
    Then "Walmart Grocery - Home" is going to display                # WalmartHomePageSteps.is_going_to_display(String)

  Background:                               # homePageFunctionality.feature:2
    Given Not a valideted home page         # WalmartHomePageSteps.not_a_valideted_home_page()
    When Open browser and start application # CommonSteps.open_browser_and_start_application()
    Then Walmart homepage shoule dispaly    # CommonSteps.walmart_homepage_shoule_dispaly()

  #   @smoke
  Scenario: 6.Verify account button is working  # homePageFunctionality.feature:30
    When User click on account button           # WalmartHomePageSteps.user_click_on_account_button()
    Then "Account" dropdown is going to display # WalmartHomePageSteps.dropdown_is_going_to_display(String)

  Background:                               # homePageFunctionality.feature:2
    Given Not a valideted home page         # WalmartHomePageSteps.not_a_valideted_home_page()
    When Open browser and start application # CommonSteps.open_browser_and_start_application()
    Then Walmart homepage shoule dispaly    # CommonSteps.walmart_homepage_shoule_dispaly()

  Scenario: 7.Verify account button is working # homePageFunctionality.feature:34
    When User click on store location button   # WalmartHomePageSteps.user_click_on_store_location_button()
    Then "Location" dropdown is going to show  # WalmartHomePageSteps.dropdown_is_going_to_show(String)

  Background:                               # homePageFunctionality.feature:2
    Given Not a valideted home page         # WalmartHomePageSteps.not_a_valideted_home_page()
    When Open browser and start application # CommonSteps.open_browser_and_start_application()
    Then Walmart homepage shoule dispaly    # CommonSteps.walmart_homepage_shoule_dispaly()

  Scenario: 7.Verify cart button is working # homePageFunctionality.feature:38
    When User click on cart button          # WalmartHomePageSteps.user_click_on_cart_button()
    Then "Cart" page is going to show       # WalmartHomePageSteps.page_is_going_to_show(String)

  Background:                               # homePageFunctionality.feature:2
    Given Not a valideted home page         # WalmartHomePageSteps.not_a_valideted_home_page()
    When Open browser and start application # CommonSteps.open_browser_and_start_application()
    Then Walmart homepage shoule dispaly    # CommonSteps.walmart_homepage_shoule_dispaly()

  Scenario: 8.Verifying all links and images are not broken # homePageFunctionality.feature:42
    When User is in homepage                                # WalmartHomePageSteps.user_is_in_homepage()
    Then All link and images are not broken                 # WalmartHomePageSteps.all_link_and_images_are_not_broken()
Feature: Walmart login page funtionalities

  Background: Not a valideted home page     # loginPageFunctionality.feature:2
    When Open browser and start application # CommonSteps.open_browser_and_start_application()
    Then Walmart homepage shoule dispaly    # CommonSteps.walmart_homepage_shoule_dispaly()
    When User click on account button       # WalmartHomePageSteps.user_click_on_account_button()
    And Click on signin option              # WalmartLoginPageSteps.click_on_signin_option()
    Then Login "Login" page should display  # WalmartLoginPageSteps.login_page_should_display(String)

  Scenario: 1.User put all the valid informations  # loginPageFunctionality.feature:9
    When User write email "demo.auser01@gmail.com" # WalmartLoginPageSteps.user_write_email(String)
    And User write password "demowalmart"          # WalmartLoginPageSteps.user_write_password(String)
    And User click on signin button                # WalmartLoginPageSteps.user_click_on_signin_button()
    Then "Login" pagetitle should display          # WalmartLoginPageSteps.page_should_display(String)

  Scenario Outline: 2. User put valid email and valid password # loginPageFunctionality.feature:15
    When User write email "<Email>"
    And User write password "<Password>"
    And User click on signin button
    Then "Login" pagetitle should display

    Examples: 

  Background: Not a valideted home page     # loginPageFunctionality.feature:2
    When Open browser and start application # CommonSteps.open_browser_and_start_application()
    Then Walmart homepage shoule dispaly    # CommonSteps.walmart_homepage_shoule_dispaly()
    When User click on account button       # WalmartHomePageSteps.user_click_on_account_button()
    And Click on signin option              # WalmartLoginPageSteps.click_on_signin_option()
    Then Login "Login" page should display  # WalmartLoginPageSteps.login_page_should_display(String)

  Scenario Outline: 2. User put valid email and valid password # loginPageFunctionality.feature:22
    When User write email "demo.auser01@gmail.com"             # WalmartLoginPageSteps.user_write_email(String)
    And User write password "demowalmart"                      # WalmartLoginPageSteps.user_write_password(String)
    And User click on signin button                            # WalmartLoginPageSteps.user_click_on_signin_button()
    Then "Login" pagetitle should display                      # WalmartLoginPageSteps.page_should_display(String)

  Background: Not a valideted home page     # loginPageFunctionality.feature:2
    When Open browser and start application # CommonSteps.open_browser_and_start_application()
    Then Walmart homepage shoule dispaly    # CommonSteps.walmart_homepage_shoule_dispaly()
    When User click on account button       # WalmartHomePageSteps.user_click_on_account_button()
    And Click on signin option              # WalmartLoginPageSteps.click_on_signin_option()
    Then Login "Login" page should display  # WalmartLoginPageSteps.login_page_should_display(String)

  Scenario Outline: 2. User put valid email and valid password # loginPageFunctionality.feature:23
    When User write email "demo.auser01@gmail.com"             # WalmartLoginPageSteps.user_write_email(String)
    And User write password "demowalmart"                      # WalmartLoginPageSteps.user_write_password(String)
    And User click on signin button                            # WalmartLoginPageSteps.user_click_on_signin_button()
    Then "Login" pagetitle should display                      # WalmartLoginPageSteps.page_should_display(String)

  Background: Not a valideted home page     # loginPageFunctionality.feature:2
    When Open browser and start application # CommonSteps.open_browser_and_start_application()
    Then Walmart homepage shoule dispaly    # CommonSteps.walmart_homepage_shoule_dispaly()
    When User click on account button       # WalmartHomePageSteps.user_click_on_account_button()
    And Click on signin option              # WalmartLoginPageSteps.click_on_signin_option()
    Then Login "Login" page should display  # WalmartLoginPageSteps.login_page_should_display(String)

  Scenario Outline: 2. User put valid email and valid password # loginPageFunctionality.feature:24
    When User write email "demo.auser01@gmail.com"             # WalmartLoginPageSteps.user_write_email(String)
    And User write password "demowalmart"                      # WalmartLoginPageSteps.user_write_password(String)
    And User click on signin button                            # WalmartLoginPageSteps.user_click_on_signin_button()
    Then "Login" pagetitle should display                      # WalmartLoginPageSteps.page_should_display(String)

  Background: Not a valideted home page     # loginPageFunctionality.feature:2
    When Open browser and start application # CommonSteps.open_browser_and_start_application()
    Then Walmart homepage shoule dispaly    # CommonSteps.walmart_homepage_shoule_dispaly()
    When User click on account button       # WalmartHomePageSteps.user_click_on_account_button()
    And Click on signin option              # WalmartLoginPageSteps.click_on_signin_option()
    Then Login "Login" page should display  # WalmartLoginPageSteps.login_page_should_display(String)

  Scenario Outline: 2. User put valid email and valid password # loginPageFunctionality.feature:25
    When User write email "demo.auser01@gmail.com"             # WalmartLoginPageSteps.user_write_email(String)
    And User write password "demowalmart"                      # WalmartLoginPageSteps.user_write_password(String)
    And User click on signin button                            # WalmartLoginPageSteps.user_click_on_signin_button()
    Then "Login" pagetitle should display                      # WalmartLoginPageSteps.page_should_display(String)

  Background: Not a valideted home page     # loginPageFunctionality.feature:2
    When Open browser and start application # CommonSteps.open_browser_and_start_application()
    Then Walmart homepage shoule dispaly    # CommonSteps.walmart_homepage_shoule_dispaly()
    When User click on account button       # WalmartHomePageSteps.user_click_on_account_button()
    And Click on signin option              # WalmartLoginPageSteps.click_on_signin_option()
    Then Login "Login" page should display  # WalmartLoginPageSteps.login_page_should_display(String)

  Scenario Outline: 2. User put valid email and valid password # loginPageFunctionality.feature:26
    When User write email "demo.auser01@gmail.com"             # WalmartLoginPageSteps.user_write_email(String)
    And User write password "demowalmart"                      # WalmartLoginPageSteps.user_write_password(String)
    And User click on signin button                            # WalmartLoginPageSteps.user_click_on_signin_button()
    Then "Login" pagetitle should display                      # WalmartLoginPageSteps.page_should_display(String)

  Background: Not a valideted home page     # loginPageFunctionality.feature:2
    When Open browser and start application # CommonSteps.open_browser_and_start_application()
    Then Walmart homepage shoule dispaly    # CommonSteps.walmart_homepage_shoule_dispaly()
    When User click on account button       # WalmartHomePageSteps.user_click_on_account_button()
    And Click on signin option              # WalmartLoginPageSteps.click_on_signin_option()
    Then Login "Login" page should display  # WalmartLoginPageSteps.login_page_should_display(String)

  Scenario Outline: 2. User put valid email and valid password # loginPageFunctionality.feature:27
    When User write email "demo.auser01@gmail.com"             # WalmartLoginPageSteps.user_write_email(String)
    And User write password "demowalmart"                      # WalmartLoginPageSteps.user_write_password(String)
    And User click on signin button                            # WalmartLoginPageSteps.user_click_on_signin_button()
    Then "Login" pagetitle should display                      # WalmartLoginPageSteps.page_should_display(String)

  Background: Not a valideted home page     # loginPageFunctionality.feature:2
    When Open browser and start application # CommonSteps.open_browser_and_start_application()
    Then Walmart homepage shoule dispaly    # CommonSteps.walmart_homepage_shoule_dispaly()
    When User click on account button       # WalmartHomePageSteps.user_click_on_account_button()
    And Click on signin option              # WalmartLoginPageSteps.click_on_signin_option()
    Then Login "Login" page should display  # WalmartLoginPageSteps.login_page_should_display(String)

  Scenario Outline: 2. User put valid email and valid password # loginPageFunctionality.feature:28
    When User write email "demo.auser01@gmail.com"             # WalmartLoginPageSteps.user_write_email(String)
    And User write password "demowalmart"                      # WalmartLoginPageSteps.user_write_password(String)
    And User click on signin button                            # WalmartLoginPageSteps.user_click_on_signin_button()
    Then "Login" pagetitle should display                      # WalmartLoginPageSteps.page_should_display(String)

  Background: Not a valideted home page     # loginPageFunctionality.feature:2
    When Open browser and start application # CommonSteps.open_browser_and_start_application()
    Then Walmart homepage shoule dispaly    # CommonSteps.walmart_homepage_shoule_dispaly()
    When User click on account button       # WalmartHomePageSteps.user_click_on_account_button()
    And Click on signin option              # WalmartLoginPageSteps.click_on_signin_option()
    Then Login "Login" page should display  # WalmartLoginPageSteps.login_page_should_display(String)

  Scenario Outline: 2. User put valid email and valid password # loginPageFunctionality.feature:29
    When User write email "demo.auser01@gmail.com"             # WalmartLoginPageSteps.user_write_email(String)
    And User write password "demowalmart"                      # WalmartLoginPageSteps.user_write_password(String)
    And User click on signin button                            # WalmartLoginPageSteps.user_click_on_signin_button()
    Then "Login" pagetitle should display                      # WalmartLoginPageSteps.page_should_display(String)

  Scenario Outline: 3. User put valid email and invalid password # loginPageFunctionality.feature:31
    When User write email "demo.auser@gmail.com"
    And User write password "<Password>"

    #    And User click on signin button
    #    Then "Your password and email do not match. Please try again or reset your password. "this error massage should display
    Examples: 

  Background: Not a valideted home page     # loginPageFunctionality.feature:2
    When Open browser and start application # CommonSteps.open_browser_and_start_application()
    Then Walmart homepage shoule dispaly    # CommonSteps.walmart_homepage_shoule_dispaly()
    When User click on account button       # WalmartHomePageSteps.user_click_on_account_button()
    And Click on signin option              # WalmartLoginPageSteps.click_on_signin_option()
    Then Login "Login" page should display  # WalmartLoginPageSteps.login_page_should_display(String)

  Scenario Outline: 3. User put valid email and invalid password # loginPageFunctionality.feature:38
    When User write email "demo.auser@gmail.com"                 # WalmartLoginPageSteps.user_write_email(String)
    And User write password "123e"                               # WalmartLoginPageSteps.user_write_password(String)

  Background: Not a valideted home page     # loginPageFunctionality.feature:2
    When Open browser and start application # CommonSteps.open_browser_and_start_application()
    Then Walmart homepage shoule dispaly    # CommonSteps.walmart_homepage_shoule_dispaly()
    When User click on account button       # WalmartHomePageSteps.user_click_on_account_button()
    And Click on signin option              # WalmartLoginPageSteps.click_on_signin_option()
    Then Login "Login" page should display  # WalmartLoginPageSteps.login_page_should_display(String)

  Scenario Outline: 3. User put valid email and invalid password # loginPageFunctionality.feature:39
    When User write email "demo.auser@gmail.com"                 # WalmartLoginPageSteps.user_write_email(String)
    And User write password "123e1"                              # WalmartLoginPageSteps.user_write_password(String)

  Background: Not a valideted home page     # loginPageFunctionality.feature:2
    When Open browser and start application # CommonSteps.open_browser_and_start_application()
    Then Walmart homepage shoule dispaly    # CommonSteps.walmart_homepage_shoule_dispaly()
    When User click on account button       # WalmartHomePageSteps.user_click_on_account_button()
    And Click on signin option              # WalmartLoginPageSteps.click_on_signin_option()
    Then Login "Login" page should display  # WalmartLoginPageSteps.login_page_should_display(String)

  Scenario Outline: 3. User put valid email and invalid password # loginPageFunctionality.feature:40
    When User write email "demo.auser@gmail.com"                 # WalmartLoginPageSteps.user_write_email(String)
    And User write password "1g3e"                               # WalmartLoginPageSteps.user_write_password(String)

  Background: Not a valideted home page     # loginPageFunctionality.feature:2
    When Open browser and start application # CommonSteps.open_browser_and_start_application()
    Then Walmart homepage shoule dispaly    # CommonSteps.walmart_homepage_shoule_dispaly()
    When User click on account button       # WalmartHomePageSteps.user_click_on_account_button()
    And Click on signin option              # WalmartLoginPageSteps.click_on_signin_option()
    Then Login "Login" page should display  # WalmartLoginPageSteps.login_page_should_display(String)

  Scenario Outline: 3. User put valid email and invalid password # loginPageFunctionality.feature:41
    When User write email "demo.auser@gmail.com"                 # WalmartLoginPageSteps.user_write_email(String)
    And User write password "12ue1"                              # WalmartLoginPageSteps.user_write_password(String)

  Background: Not a valideted home page     # loginPageFunctionality.feature:2
    When Open browser and start application # CommonSteps.open_browser_and_start_application()
    Then Walmart homepage shoule dispaly    # CommonSteps.walmart_homepage_shoule_dispaly()
    When User click on account button       # WalmartHomePageSteps.user_click_on_account_button()
    And Click on signin option              # WalmartLoginPageSteps.click_on_signin_option()
    Then Login "Login" page should display  # WalmartLoginPageSteps.login_page_should_display(String)

  Scenario Outline: 3. User put valid email and invalid password # loginPageFunctionality.feature:42
    When User write email "demo.auser@gmail.com"                 # WalmartLoginPageSteps.user_write_email(String)
    And User write password "123e"                               # WalmartLoginPageSteps.user_write_password(String)

  Background: Not a valideted home page     # loginPageFunctionality.feature:2
    When Open browser and start application # CommonSteps.open_browser_and_start_application()
    Then Walmart homepage shoule dispaly    # CommonSteps.walmart_homepage_shoule_dispaly()
    When User click on account button       # WalmartHomePageSteps.user_click_on_account_button()
    And Click on signin option              # WalmartLoginPageSteps.click_on_signin_option()
    Then Login "Login" page should display  # WalmartLoginPageSteps.login_page_should_display(String)

  Scenario Outline: 3. User put valid email and invalid password # loginPageFunctionality.feature:43
    When User write email "demo.auser@gmail.com"                 # WalmartLoginPageSteps.user_write_email(String)
    And User write password "123e1"                              # WalmartLoginPageSteps.user_write_password(String)

  Background: Not a valideted home page     # loginPageFunctionality.feature:2
    When Open browser and start application # CommonSteps.open_browser_and_start_application()
    Then Walmart homepage shoule dispaly    # CommonSteps.walmart_homepage_shoule_dispaly()
    When User click on account button       # WalmartHomePageSteps.user_click_on_account_button()
    And Click on signin option              # WalmartLoginPageSteps.click_on_signin_option()
    Then Login "Login" page should display  # WalmartLoginPageSteps.login_page_should_display(String)

  Scenario Outline: 3. User put valid email and invalid password # loginPageFunctionality.feature:44
    When User write email "demo.auser@gmail.com"                 # WalmartLoginPageSteps.user_write_email(String)
    And User write password "1g3e"                               # WalmartLoginPageSteps.user_write_password(String)

  Background: Not a valideted home page     # loginPageFunctionality.feature:2
    When Open browser and start application # CommonSteps.open_browser_and_start_application()
    Then Walmart homepage shoule dispaly    # CommonSteps.walmart_homepage_shoule_dispaly()
    When User click on account button       # WalmartHomePageSteps.user_click_on_account_button()
    And Click on signin option              # WalmartLoginPageSteps.click_on_signin_option()
    Then Login "Login" page should display  # WalmartLoginPageSteps.login_page_should_display(String)

  Scenario Outline: 3. User put valid email and invalid password # loginPageFunctionality.feature:45
    When User write email "demo.auser@gmail.com"                 # WalmartLoginPageSteps.user_write_email(String)
    And User write password "12ue1"                              # WalmartLoginPageSteps.user_write_password(String)
Feature: Walmart search box functionality

  Background: Not a valideted search box    # searchBoxFunctionality.feature:2
    When Open browser and start application # CommonSteps.open_browser_and_start_application()
    Then Walmart homepage shoule dispaly    # CommonSteps.walmart_homepage_shoule_dispaly()

  Scenario: 1.Valid search in the search box                         # searchBoxFunctionality.feature:6
    When User enter in the search box "Nike Benassi Solarsoft Slide" # WalmartSearchBoxSteps.user_enter_in_the_search_box(String)
    Then Searched product page should dispaly                        # WalmartSearchBoxSteps.searched_product_page_should_dispaly()

  Background: Not a valideted search box    # searchBoxFunctionality.feature:2
    When Open browser and start application # CommonSteps.open_browser_and_start_application()
    Then Walmart homepage shoule dispaly    # CommonSteps.walmart_homepage_shoule_dispaly()

  Scenario: 2.Invalid search in the search box                    # searchBoxFunctionality.feature:10
    When User enter an invalid product in the search box "eerrtt" # WalmartSearchBoxSteps.user_enter_an_invalid_product_in_the_search_box(String)
    Then No product match massage should display                  # WalmartSearchBoxSteps.no_product_match_massage_should_display()

  Background: Not a valideted search box    # searchBoxFunctionality.feature:2
    When Open browser and start application # CommonSteps.open_browser_and_start_application()
    Then Walmart homepage shoule dispaly    # CommonSteps.walmart_homepage_shoule_dispaly()

  Scenario: 3.Count search box dropdown list       # searchBoxFunctionality.feature:14
    When User click on search box drop down button # WalmartSearchBoxSteps.user_click_on_search_box_drop_down_button()
    Then List going to show 26 options             # WalmartSearchBoxSteps.list_going_to_show_options(int)

  Background: Not a valideted search box    # searchBoxFunctionality.feature:2
    When Open browser and start application # CommonSteps.open_browser_and_start_application()
    Then Walmart homepage shoule dispaly    # CommonSteps.walmart_homepage_shoule_dispaly()

  Scenario: 4.Verify all the options are shown in the list # searchBoxFunctionality.feature:18
    When User click on search box drop down button         # WalmartSearchBoxSteps.user_click_on_search_box_drop_down_button()
    Then List going to show this options                   # WalmartSearchBoxSteps.list_going_to_show_this_options(DataTable)

  Background: Not a valideted search box    # searchBoxFunctionality.feature:2
    When Open browser and start application # CommonSteps.open_browser_and_start_application()
    Then Walmart homepage shoule dispaly    # CommonSteps.walmart_homepage_shoule_dispaly()

  Scenario: 5.Verify advance search in the search box # searchBoxFunctionality.feature:23
    When User click on search box drop down button    # WalmartSearchBoxSteps.user_click_on_search_box_drop_down_button()
    And Select option"baby"                           # WalmartSearchBoxSteps.select_option(String)
    And User enter in the search box "socks"          # WalmartSearchBoxSteps.user_enter_in_the_search_box(String)
    Then Page going to show 34 products               # WalmartSearchBoxSteps.page_going_to_show_products(int)
Feature: Walmart signup page funtionalities

  Background: Not a valideted home page     # signUpPageFunctionality.feature:2
    When Open browser and start application # CommonSteps.open_browser_and_start_application()
    Then Walmart homepage shoule dispaly    # CommonSteps.walmart_homepage_shoule_dispaly()
    When User click on account button       # WalmartHomePageSteps.user_click_on_account_button()
    And Click on create account             # WalmartSignUpPageFunctionality.click_on_create_account()
    Then SignUp "Login" page should display # WalmartSignUpPageFunctionality.signup_page_should_display(String)

  Scenario: 1.Create an account with invalid email                                  # signUpPageFunctionality.feature:9
    When User put first name"firstName"                                             # WalmartSignUpPageFunctionality.user_put_first_name(String)
    And User put last name "lastName"                                               # WalmartSignUpPageFunctionality.user_put_last_name(String)
    And User put email "demo.user01@gmail"                                          # WalmartSignUpPageFunctionality.user_put_email(String)
    And User put password "123456"                                                  # WalmartSignUpPageFunctionality.user_put_password(String)
    #      And User uncheck remember me check box
    #      And User uncheck auto email check box
    And User click on create account button                                         # WalmartSignUpPageFunctionality.user_click_on_create_account_button()
    Then invalid email massage "Please enter a valid email address." should display # WalmartSignUpPageFunctionality.invalid_email_massage_should_display(String)

  Background: Not a valideted home page     # signUpPageFunctionality.feature:2
    When Open browser and start application # CommonSteps.open_browser_and_start_application()
    Then Walmart homepage shoule dispaly    # CommonSteps.walmart_homepage_shoule_dispaly()
    When User click on account button       # WalmartHomePageSteps.user_click_on_account_button()
    And Click on create account             # WalmartSignUpPageFunctionality.click_on_create_account()
    Then SignUp "Login" page should display # WalmartSignUpPageFunctionality.signup_page_should_display(String)

  Scenario: 1.Create an account with invalid email                                           # signUpPageFunctionality.feature:19
    When User put first name"firstName"                                                      # WalmartSignUpPageFunctionality.user_put_first_name(String)
    And User put last name "lastName"                                                        # WalmartSignUpPageFunctionality.user_put_last_name(String)
    And User put email "demo.auser01@gmail"                                                  # WalmartSignUpPageFunctionality.user_put_email(String)
    And User put password "12345"                                                            # WalmartSignUpPageFunctionality.user_put_password(String)
    #      And User uncheck remember me check box
    #      And User uncheck auto email check box
    And User click on create account button                                                  # WalmartSignUpPageFunctionality.user_click_on_create_account_button()
    Then invalid password massage "Must contain between 6 and 12 characters." should display # WalmartSignUpPageFunctionality.invalid_password_massage_should_display(String)
Feature: User account functionality

  Background: Given Not a valideted home page      # userAccountFunctionality.feature:2
    When Open browser and start application        # CommonSteps.open_browser_and_start_application()
    Then Walmart homepage shoule dispaly           # CommonSteps.walmart_homepage_shoule_dispaly()
    When User click on account button              # WalmartHomePageSteps.user_click_on_account_button()
    And Click on signin option                     # WalmartLoginPageSteps.click_on_signin_option()
    Then Login "Login" page should display         # WalmartLoginPageSteps.login_page_should_display(String)
    When User write email "demo.auser01@gmail.com" # WalmartLoginPageSteps.user_write_email(String)
    And User write password "demowalmart"          # WalmartLoginPageSteps.user_write_password(String)
    And User click on signin button                # WalmartLoginPageSteps.user_click_on_signin_button()
    Then "Login" pagetitle should display          # WalmartLoginPageSteps.page_should_display(String)
Failure in after hook:BeforeAfterHook.tearDown(Scenario)
Message: org.openqa.selenium.WebDriverException: chrome not reachable
  (Session info: chrome=66.0.3359.181)
  (Driver info: chromedriver=2.40.565498 (ea082db3280dd6843ebfb08a625e3eb905c4f5ab),platform=Windows NT 6.1.7601 SP1 x86_64) (WARNING: The server did not provide any stacktrace information)
Command duration or timeout: 0 milliseconds
Build info: version: '3.11.0', revision: 'e59cfb3', time: '2018-03-11T20:26:55.152Z'
System info: host: 'SHIFT-PC01', ip: '192.168.0.109', os.name: 'Windows 7', os.arch: 'amd64', os.version: '6.1', java.version: '1.8.0_144'
Driver info: org.openqa.selenium.chrome.ChromeDriver
Capabilities {acceptInsecureCerts: false, acceptSslCerts: false, applicationCacheEnabled: false, browserConnectionEnabled: false, browserName: chrome, chrome: {chromedriverVersion: 2.40.565498 (ea082db3280dd6..., userDataDir: C:\Users\SHIFTS~1\AppData\L...}, cssSelectorsEnabled: true, databaseEnabled: false, handlesAlerts: true, hasTouchScreen: false, javascriptEnabled: true, locationContextEnabled: true, mobileEmulationEnabled: false, nativeEvents: true, networkConnectionEnabled: false, pageLoadStrategy: normal, platform: XP, platformName: XP, rotatable: false, setWindowRect: true, takesHeapSnapshot: true, takesScreenshot: true, unexpectedAlertBehaviour: , unhandledPromptBehavior: , version: 66.0.3359.181, webStorageEnabled: true}
Session ID: bcd89737c88665a19ed4d5f75c868129
	at sun.reflect.NativeConstructorAccessorImpl.newInstance0(Native Method)
	at sun.reflect.NativeConstructorAccessorImpl.newInstance(NativeConstructorAccessorImpl.java:62)
	at sun.reflect.DelegatingConstructorAccessorImpl.newInstance(DelegatingConstructorAccessorImpl.java:45)
	at java.lang.reflect.Constructor.newInstance(Constructor.java:423)
	at org.openqa.selenium.remote.ErrorHandler.createThrowable(ErrorHandler.java:214)
	at org.openqa.selenium.remote.ErrorHandler.throwIfResponseFailed(ErrorHandler.java:166)
	at org.openqa.selenium.remote.http.JsonHttpResponseCodec.reconstructValue(JsonHttpResponseCodec.java:40)
	at org.openqa.selenium.remote.http.AbstractHttpResponseCodec.decode(AbstractHttpResponseCodec.java:80)
	at org.openqa.selenium.remote.http.AbstractHttpResponseCodec.decode(AbstractHttpResponseCodec.java:44)
	at org.openqa.selenium.remote.HttpCommandExecutor.execute(HttpCommandExecutor.java:158)
	at org.openqa.selenium.remote.service.DriverCommandExecutor.execute(DriverCommandExecutor.java:83)
	at org.openqa.selenium.remote.RemoteWebDriver.execute(RemoteWebDriver.java:545)
	at org.openqa.selenium.remote.RemoteWebDriver.execute(RemoteWebDriver.java:602)
	at org.openqa.selenium.remote.RemoteWebDriver.getScreenshotAs(RemoteWebDriver.java:291)
	at com.walmart.automation.framework.hooks.BeforeAfterHook.tearDown(BeforeAfterHook.java:39)
	at sun.reflect.GeneratedMethodAccessor17.invoke(Unknown Source)
	at sun.reflect.DelegatingMethodAccessorImpl.invoke(DelegatingMethodAccessorImpl.java:43)
	at java.lang.reflect.Method.invoke(Method.java:498)
	at cucumber.runtime.Utils$1.call(Utils.java:37)
	at cucumber.runtime.Timeout.timeout(Timeout.java:13)
	at cucumber.runtime.Utils.invoke(Utils.java:31)
	at cucumber.runtime.java.JavaHookDefinition.execute(JavaHookDefinition.java:60)
	at cucumber.runtime.Runtime.runHookIfTagsMatch(Runtime.java:223)
	at cucumber.runtime.Runtime.runHooks(Runtime.java:211)
	at cucumber.runtime.Runtime.runAfterHooks(Runtime.java:205)
	at cucumber.runtime.model.CucumberScenario.run(CucumberScenario.java:46)
	at cucumber.runtime.junit.ExecutionUnitRunner.run(ExecutionUnitRunner.java:91)
	at cucumber.runtime.junit.FeatureRunner.runChild(FeatureRunner.java:63)
	at cucumber.runtime.junit.FeatureRunner.runChild(FeatureRunner.java:18)
	at org.junit.runners.ParentRunner$3.run(ParentRunner.java:238)
	at org.junit.runners.ParentRunner$1.schedule(ParentRunner.java:63)
	at org.junit.runners.ParentRunner.runChildren(ParentRunner.java:236)
	at org.junit.runners.ParentRunner.access$000(ParentRunner.java:53)
	at org.junit.runners.ParentRunner$2.evaluate(ParentRunner.java:229)
	at org.junit.runners.ParentRunner.run(ParentRunner.java:309)
	at cucumber.runtime.junit.FeatureRunner.run(FeatureRunner.java:70)
	at cucumber.api.junit.Cucumber.runChild(Cucumber.java:93)
	at cucumber.api.junit.Cucumber.runChild(Cucumber.java:37)
	at org.junit.runners.ParentRunner$3.run(ParentRunner.java:238)
	at org.junit.runners.ParentRunner$1.schedule(ParentRunner.java:63)
	at org.junit.runners.ParentRunner.runChildren(ParentRunner.java:236)
	at org.junit.runners.ParentRunner.access$000(ParentRunner.java:53)
	at org.junit.runners.ParentRunner$2.evaluate(ParentRunner.java:229)
	at org.junit.runners.ParentRunner.run(ParentRunner.java:309)
	at cucumber.api.junit.Cucumber.run(Cucumber.java:98)
	at org.junit.runner.JUnitCore.run(JUnitCore.java:160)
	at com.intellij.junit4.JUnit4IdeaTestRunner.startRunnerWithArgs(JUnit4IdeaTestRunner.java:68)
	at com.intellij.rt.execution.junit.IdeaTestRunner$Repeater.startRunnerWithArgs(IdeaTestRunner.java:47)
	at com.intellij.rt.execution.junit.JUnitStarter.prepareStreamsAndStart(JUnitStarter.java:242)
	at com.intellij.rt.execution.junit.JUnitStarter.main(JUnitStarter.java:70)

      org.openqa.selenium.WebDriverException: chrome not reachable
        (Session info: chrome=66.0.3359.181)
        (Driver info: chromedriver=2.40.565498 (ea082db3280dd6843ebfb08a625e3eb905c4f5ab),platform=Windows NT 6.1.7601 SP1 x86_64) (WARNING: The server did not provide any stacktrace information)
      Command duration or timeout: 0 milliseconds
      Build info: version: '3.11.0', revision: 'e59cfb3', time: '2018-03-11T20:26:55.152Z'
      System info: host: 'SHIFT-PC01', ip: '192.168.0.109', os.name: 'Windows 7', os.arch: 'amd64', os.version: '6.1', java.version: '1.8.0_144'
      Driver info: org.openqa.selenium.chrome.ChromeDriver
      Capabilities {acceptInsecureCerts: false, acceptSslCerts: false, applicationCacheEnabled: false, browserConnectionEnabled: false, browserName: chrome, chrome: {chromedriverVersion: 2.40.565498 (ea082db3280dd6..., userDataDir: C:\Users\SHIFTS~1\AppData\L...}, cssSelectorsEnabled: true, databaseEnabled: false, handlesAlerts: true, hasTouchScreen: false, javascriptEnabled: true, locationContextEnabled: true, mobileEmulationEnabled: false, nativeEvents: true, networkConnectionEnabled: false, pageLoadStrategy: normal, platform: XP, platformName: XP, rotatable: false, setWindowRect: true, takesHeapSnapshot: true, takesScreenshot: true, unexpectedAlertBehaviour: , unhandledPromptBehavior: , version: 66.0.3359.181, webStorageEnabled: true}
      Session ID: bcd89737c88665a19ed4d5f75c868129
      	at sun.reflect.NativeConstructorAccessorImpl.newInstance0(Native Method)
      	at sun.reflect.NativeConstructorAccessorImpl.newInstance(NativeConstructorAccessorImpl.java:62)
      	at sun.reflect.DelegatingConstructorAccessorImpl.newInstance(DelegatingConstructorAccessorImpl.java:45)
      	at java.lang.reflect.Constructor.newInstance(Constructor.java:423)
      	at org.openqa.selenium.remote.ErrorHandler.createThrowable(ErrorHandler.java:214)
      	at org.openqa.selenium.remote.ErrorHandler.throwIfResponseFailed(ErrorHandler.java:166)
      	at org.openqa.selenium.remote.http.JsonHttpResponseCodec.reconstructValue(JsonHttpResponseCodec.java:40)
      	at org.openqa.selenium.remote.http.AbstractHttpResponseCodec.decode(AbstractHttpResponseCodec.java:80)
      	at org.openqa.selenium.remote.http.AbstractHttpResponseCodec.decode(AbstractHttpResponseCodec.java:44)
      	at org.openqa.selenium.remote.HttpCommandExecutor.execute(HttpCommandExecutor.java:158)
      	at org.openqa.selenium.remote.service.DriverCommandExecutor.execute(DriverCommandExecutor.java:83)
      	at org.openqa.selenium.remote.RemoteWebDriver.execute(RemoteWebDriver.java:545)
      	at org.openqa.selenium.remote.RemoteWebDriver.execute(RemoteWebDriver.java:602)
      	at org.openqa.selenium.remote.RemoteWebDriver.getScreenshotAs(RemoteWebDriver.java:291)
      	at com.walmart.automation.framework.hooks.BeforeAfterHook.tearDown(BeforeAfterHook.java:39)
      	at sun.reflect.GeneratedMethodAccessor17.invoke(Unknown Source)
      	at sun.reflect.DelegatingMethodAccessorImpl.invoke(DelegatingMethodAccessorImpl.java:43)
      	at java.lang.reflect.Method.invoke(Method.java:498)
      	at cucumber.runtime.Utils$1.call(Utils.java:37)
      	at cucumber.runtime.Timeout.timeout(Timeout.java:13)
      	at cucumber.runtime.Utils.invoke(Utils.java:31)
      	at cucumber.runtime.java.JavaHookDefinition.execute(JavaHookDefinition.java:60)
      	at cucumber.runtime.Runtime.runHookIfTagsMatch(Runtime.java:223)
      	at cucumber.runtime.Runtime.runHooks(Runtime.java:211)
      	at cucumber.runtime.Runtime.runAfterHooks(Runtime.java:205)
      	at cucumber.runtime.model.CucumberScenario.run(CucumberScenario.java:46)
      	at cucumber.runtime.junit.ExecutionUnitRunner.run(ExecutionUnitRunner.java:91)
      	at cucumber.runtime.junit.FeatureRunner.runChild(FeatureRunner.java:63)
      	at cucumber.runtime.junit.FeatureRunner.runChild(FeatureRunner.java:18)
      	at org.junit.runners.ParentRunner$3.run(ParentRunner.java:238)
      	at org.junit.runners.ParentRunner$1.schedule(ParentRunner.java:63)
      	at org.junit.runners.ParentRunner.runChildren(ParentRunner.java:236)
      	at org.junit.runners.ParentRunner.access$000(ParentRunner.java:53)
      	at org.junit.runners.ParentRunner$2.evaluate(ParentRunner.java:229)
      	at org.junit.runners.ParentRunner.run(ParentRunner.java:309)
      	at cucumber.runtime.junit.FeatureRunner.run(FeatureRunner.java:70)
      	at cucumber.api.junit.Cucumber.runChild(Cucumber.java:93)
      	at cucumber.api.junit.Cucumber.runChild(Cucumber.java:37)
      	at org.junit.runners.ParentRunner$3.run(ParentRunner.java:238)
      	at org.junit.runners.ParentRunner$1.schedule(ParentRunner.java:63)
      	at org.junit.runners.ParentRunner.runChildren(ParentRunner.java:236)
      	at org.junit.runners.ParentRunner.access$000(ParentRunner.java:53)
      	at org.junit.runners.ParentRunner$2.evaluate(ParentRunner.java:229)
      	at org.junit.runners.ParentRunner.run(ParentRunner.java:309)
      	at cucumber.api.junit.Cucumber.run(Cucumber.java:98)
      	at org.junit.runner.JUnitCore.run(JUnitCore.java:160)
      	at com.intellij.junit4.JUnit4IdeaTestRunner.startRunnerWithArgs(JUnit4IdeaTestRunner.java:68)
      	at com.intellij.rt.execution.junit.IdeaTestRunner$Repeater.startRunnerWithArgs(IdeaTestRunner.java:47)
      	at com.intellij.rt.execution.junit.JUnitStarter.prepareStreamsAndStart(JUnitStarter.java:242)
      	at com.intellij.rt.execution.junit.JUnitStarter.main(JUnitStarter.java:70)


  Scenario: 1. User account button's options are working properly                # userAccountFunctionality.feature:13
    When User Click on loged in user account button                              # WalmartUserAccountPageSteps.user_Click_on_loged_in_user_account_button()
      java.lang.NullPointerException
      	at com.walmart.automation.steps.WalmartUserAccountPageSteps.user_Click_on_loged_in_user_account_button(WalmartUserAccountPageSteps.java:16)
      	at âœ½.When User Click on loged in user account button(userAccountFunctionality.feature:14)

    Then User click all the options and check all the button show the right page # WalmartUserAccountPageSteps.user_click_all_the_options_and_check_all_the_button_show_the_right_page()
